Построение начато 02.12.2012 16:43:30.
     1>Проект "C:\Users\alexander\Desktop\CryptoAPI\CryptoAPI.vcxproj" в узле 2 (целевые объекты build).
     1>InitializeBuildStatus:
         Обращение к "Debug\CryptoAPI.unsuccessfulbuild".
       ClCompile:
         C:\Program Files\Microsoft Visual Studio 10.0\VC\bin\CL.exe /c /Zi /nologo /W1 /WX- /O2 /Oy- /Gm- /EHsc /MD /GS /fp:precise /Zc:wchar_t /Zc:forScope /Fo"Debug\\" /Fd"Debug\vc100.pdb" /Gd /TP /analyze- /errorReport:prompt Encrypt.cpp
         Encrypt.cpp
       Link:
         C:\Program Files\Microsoft Visual Studio 10.0\VC\bin\link.exe /ERRORREPORT:PROMPT /OUT:"C:\Users\alexander\Desktop\CryptoAPI\Debug\CryptoAPI.exe" /NOLOGO kernel32.lib user32.lib gdi32.lib winspool.lib comdlg32.lib advapi32.lib shell32.lib ole32.lib oleaut32.lib uuid.lib odbc32.lib odbccp32.lib /MANIFEST /ManifestFile:"Debug\CryptoAPI.exe.intermediate.manifest" /MANIFESTUAC:"level='asInvoker' uiAccess='false'" /PDB:"C:\Users\alexander\Desktop\CryptoAPI\Debug\CryptoAPI.pdb" /TLBID:1 /DYNAMICBASE:NO /IMPLIB:"C:\Users\alexander\Desktop\CryptoAPI\Debug\CryptoAPI.lib" /MACHINE:X86 Debug\CheckSignature.obj
         Debug\CryptoAPI.obj
         Debug\Decrypt.obj
         Debug\Encrypt.obj
         Debug\GetRecipientCert.obj
         Debug\SignMsg.obj
         CryptoAPI.vcxproj -> C:\Users\alexander\Desktop\CryptoAPI\Debug\CryptoAPI.exe
       Manifest:
         C:\Program Files\Microsoft SDKs\Windows\v7.0A\bin\mt.exe /nologo /verbose /outputresource:"C:\Users\alexander\Desktop\CryptoAPI\Debug\CryptoAPI.exe;#1" /manifest Debug\CryptoAPI.exe.intermediate.manifest
       FinalizeBuildStatus:
         Файл "Debug\CryptoAPI.unsuccessfulbuild" удаляется.
         Обращение к "Debug\CryptoAPI.lastbuildstate".
     1>Построение проекта "C:\Users\alexander\Desktop\CryptoAPI\CryptoAPI.vcxproj" завершено (целевые объекты build).

Построение успешно завершено.

Затраченное время: 00:00:01.10
